<?xml version="1.0" encoding="UTF-8"?>
<testsuite name="test.postgres.CreditApiTest" tests="2" skipped="0" failures="0" errors="0" timestamp="2024-11-17T15:46:27" hostname="LAPTOP-DI2HUBP1" time="2.906">
  <properties/>
  <testcase name="testCreditWithFirstCardNumberCard()" classname="test.postgres.CreditApiTest" time="2.731"/>
  <testcase name="testCreditWithSecondCardNumberCard()" classname="test.postgres.CreditApiTest" time="0.174"/>
  <system-out><![CDATA[Request method:	POST
Request URI:	http://localhost:8081/api/v1/credit
Proxy:			<none>
Request params:	<none>
Query params:	<none>
Form params:	<none>
Path params:	<none>
Headers:		Accept=*/*
				Content-Type=application/json
Cookies:		<none>
Multiparts:		<none>
Body:
{
    "number": "4444 4444 4444 4441",
    "year": "24",
    "month": "12",
    "holder": "Vladelec Vladelec",
    "cvc": "999"
}
HTTP/1.1 200 
Vary: Origin
Vary: Access-Control-Request-Method
Vary: Access-Control-Request-Headers
Content-Type: application/json
Transfer-Encoding: chunked
Date: Sun, 17 Nov 2024 15:46:29 GMT

{
    "status": "APPROVED"
}
Request method:	POST
Request URI:	http://localhost:8081/api/v1/credit
Proxy:			<none>
Request params:	<none>
Query params:	<none>
Form params:	<none>
Path params:	<none>
Headers:		Accept=*/*
				Content-Type=application/json
Cookies:		<none>
Multiparts:		<none>
Body:
{
    "number": "4444 4444 4444 4442",
    "year": "24",
    "month": "12",
    "holder": "Vladelec Vladelec",
    "cvc": "999"
}
HTTP/1.1 200 
Vary: Origin
Vary: Access-Control-Request-Method
Vary: Access-Control-Request-Headers
Content-Type: application/json
Transfer-Encoding: chunked
Date: Sun, 17 Nov 2024 15:46:29 GMT

{
    "status": "DECLINED"
}
]]></system-out>
  <system-err><![CDATA[]]></system-err>
</testsuite>
